[31merror[39m: dbConfig: query() Error Executing Query:: TypeError: Cannot read properties of undefined (reading 'query')
    at query (C:\Webservice\htdocs\tradecopier\be\app\tradecopier-be\src\config\dbConfig.js:36:39)
    at User.create (C:\Webservice\htdocs\tradecopier\be\app\tradecopier-be\src\services\auth\authService.js:24:3)
    at exports.create (C:\Webservice\htdocs\tradecopier\be\app\tradecopier-be\src\controllers\auth\userController.js:25:6)
    at C:\Webservice\htdocs\tradecopier\be\app\tradecopier-be\src\middlewares\asyncHandler.js:3:15
    at Layer.handle [as handle_request] (C:\Webservice\htdocs\tradecopier\be\app\tradecopier-be\node_modules\express\lib\router\layer.js:95:5)
    at next (C:\Webservice\htdocs\tradecopier\be\app\tradecopier-be\node_modules\express\lib\router\route.js:149:13)
    at validatorHandler (C:\Webservice\htdocs\tradecopier\be\app\tradecopier-be\src\middlewares\validatorHandler.js:12:5)
    at signup (C:\Webservice\htdocs\tradecopier\be\app\tradecopier-be\src\validators\inputValidator.js.js:106:5)
    at Layer.handle [as handle_request] (C:\Webservice\htdocs\tradecopier\be\app\tradecopier-be\node_modules\express\lib\router\layer.js:95:5)
    at next (C:\Webservice\htdocs\tradecopier\be\app\tradecopier-be\node_modules\express\lib\router\route.js:149:13)
[31merror[39m: dbConfig: query() Error Executing Query:: TypeError: connectionHandle.query is not a function
    at query (C:\Webservice\htdocs\tradecopier\be\app\tradecopier-be\src\config\dbConfig.js:36:45)
    at User.create (C:\Webservice\htdocs\tradecopier\be\app\tradecopier-be\src\services\auth\authService.js:24:3)
    at exports.create (C:\Webservice\htdocs\tradecopier\be\app\tradecopier-be\src\controllers\auth\userController.js:25:6)
    at C:\Webservice\htdocs\tradecopier\be\app\tradecopier-be\src\middlewares\asyncHandler.js:3:15
    at Layer.handle [as handle_request] (C:\Webservice\htdocs\tradecopier\be\app\tradecopier-be\node_modules\express\lib\router\layer.js:95:5)
    at next (C:\Webservice\htdocs\tradecopier\be\app\tradecopier-be\node_modules\express\lib\router\route.js:149:13)
    at validatorHandler (C:\Webservice\htdocs\tradecopier\be\app\tradecopier-be\src\middlewares\validatorHandler.js:12:5)
    at signup (C:\Webservice\htdocs\tradecopier\be\app\tradecopier-be\src\validators\inputValidator.js.js:106:5)
    at Layer.handle [as handle_request] (C:\Webservice\htdocs\tradecopier\be\app\tradecopier-be\node_modules\express\lib\router\layer.js:95:5)
    at next (C:\Webservice\htdocs\tradecopier\be\app\tradecopier-be\node_modules\express\lib\router\route.js:149:13)
[31merror[39m: dbConfig: query() Error Executing Query:: TypeError: connection.query is not a function
    at query (C:\Webservice\htdocs\tradecopier\be\app\tradecopier-be\src\config\dbConfig.js:37:39)
    at User.create (C:\Webservice\htdocs\tradecopier\be\app\tradecopier-be\src\services\auth\authService.js:24:3)
    at exports.create (C:\Webservice\htdocs\tradecopier\be\app\tradecopier-be\src\controllers\auth\userController.js:25:6)
    at C:\Webservice\htdocs\tradecopier\be\app\tradecopier-be\src\middlewares\asyncHandler.js:3:15
    at Layer.handle [as handle_request] (C:\Webservice\htdocs\tradecopier\be\app\tradecopier-be\node_modules\express\lib\router\layer.js:95:5)
    at next (C:\Webservice\htdocs\tradecopier\be\app\tradecopier-be\node_modules\express\lib\router\route.js:149:13)
    at validatorHandler (C:\Webservice\htdocs\tradecopier\be\app\tradecopier-be\src\middlewares\validatorHandler.js:12:5)
    at signup (C:\Webservice\htdocs\tradecopier\be\app\tradecopier-be\src\validators\inputValidator.js.js:106:5)
    at Layer.handle [as handle_request] (C:\Webservice\htdocs\tradecopier\be\app\tradecopier-be\node_modules\express\lib\router\layer.js:95:5)
    at next (C:\Webservice\htdocs\tradecopier\be\app\tradecopier-be\node_modules\express\lib\router\route.js:149:13)
[31merror[39m: dbConfig: query() Error Executing Query:: TypeError: connection.query is not a function
    at query (C:\Webservice\htdocs\tradecopier\be\app\tradecopier-be\src\config\dbConfig.js:33:39)
    at User.create (C:\Webservice\htdocs\tradecopier\be\app\tradecopier-be\src\services\auth\authService.js:25:5)
    at exports.create (C:\Webservice\htdocs\tradecopier\be\app\tradecopier-be\src\controllers\auth\userController.js:25:6)
    at C:\Webservice\htdocs\tradecopier\be\app\tradecopier-be\src\middlewares\asyncHandler.js:3:15
    at Layer.handle [as handle_request] (C:\Webservice\htdocs\tradecopier\be\app\tradecopier-be\node_modules\express\lib\router\layer.js:95:5)
    at next (C:\Webservice\htdocs\tradecopier\be\app\tradecopier-be\node_modules\express\lib\router\route.js:149:13)
    at validatorHandler (C:\Webservice\htdocs\tradecopier\be\app\tradecopier-be\src\middlewares\validatorHandler.js:12:5)
    at signup (C:\Webservice\htdocs\tradecopier\be\app\tradecopier-be\src\validators\inputValidator.js.js:106:5)
    at Layer.handle [as handle_request] (C:\Webservice\htdocs\tradecopier\be\app\tradecopier-be\node_modules\express\lib\router\layer.js:95:5)
    at next (C:\Webservice\htdocs\tradecopier\be\app\tradecopier-be\node_modules\express\lib\router\route.js:149:13)
